2015/07/29 13:03:36 [error] [exception.CHttpException.404] exception 'CHttpException' with message 'Unable to resolve the request "...".' in /Applications/MAMP/htdocs/yii/framework/web/CWebApplication.php:286
Stack trace:
#0 /Applications/MAMP/htdocs/yii/framework/web/CWebApplication.php(141): CWebApplication->runController('...')
#1 /Applications/MAMP/htdocs/yii/framework/base/CApplication.php(184): CWebApplication->processRequest()
#2 /Applications/MAMP/htdocs/MovieBlog/index.php(13): CApplication->run()
#3 {main}
REQUEST_URI=/MovieBlog/...
HTTP_REFERER=http://localhost:8888/MovieBlog/
---
2015/07/29 13:03:37 [error] [exception.CHttpException.404] exception 'CHttpException' with message 'Unable to resolve the request "...".' in /Applications/MAMP/htdocs/yii/framework/web/CWebApplication.php:286
Stack trace:
#0 /Applications/MAMP/htdocs/yii/framework/web/CWebApplication.php(141): CWebApplication->runController('...')
#1 /Applications/MAMP/htdocs/yii/framework/base/CApplication.php(184): CWebApplication->processRequest()
#2 /Applications/MAMP/htdocs/MovieBlog/index.php(13): CApplication->run()
#3 {main}
REQUEST_URI=/MovieBlog/...
HTTP_REFERER=http://localhost:8888/MovieBlog/
---
2015/07/29 13:05:15 [error] [exception.CHttpException.404] exception 'CHttpException' with message 'Unable to resolve the request "...".' in /Applications/MAMP/htdocs/yii/framework/web/CWebApplication.php:286
Stack trace:
#0 /Applications/MAMP/htdocs/yii/framework/web/CWebApplication.php(141): CWebApplication->runController('...')
#1 /Applications/MAMP/htdocs/yii/framework/base/CApplication.php(184): CWebApplication->processRequest()
#2 /Applications/MAMP/htdocs/MovieBlog/index.php(13): CApplication->run()
#3 {main}
REQUEST_URI=/MovieBlog/...
HTTP_REFERER=http://localhost:8888/MovieBlog/
---
2015/07/29 13:05:15 [error] [exception.CHttpException.404] exception 'CHttpException' with message 'Unable to resolve the request "...".' in /Applications/MAMP/htdocs/yii/framework/web/CWebApplication.php:286
Stack trace:
#0 /Applications/MAMP/htdocs/yii/framework/web/CWebApplication.php(141): CWebApplication->runController('...')
#1 /Applications/MAMP/htdocs/yii/framework/base/CApplication.php(184): CWebApplication->processRequest()
#2 /Applications/MAMP/htdocs/MovieBlog/index.php(13): CApplication->run()
#3 {main}
REQUEST_URI=/MovieBlog/...
HTTP_REFERER=http://localhost:8888/MovieBlog/
---
2015/07/29 13:05:24 [error] [exception.CHttpException.404] exception 'CHttpException' with message 'Unable to resolve the request "...".' in /Applications/MAMP/htdocs/yii/framework/web/CWebApplication.php:286
Stack trace:
#0 /Applications/MAMP/htdocs/yii/framework/web/CWebApplication.php(141): CWebApplication->runController('...')
#1 /Applications/MAMP/htdocs/yii/framework/base/CApplication.php(184): CWebApplication->processRequest()
#2 /Applications/MAMP/htdocs/MovieBlog/index.php(13): CApplication->run()
#3 {main}
REQUEST_URI=/MovieBlog/...
HTTP_REFERER=http://localhost:8888/MovieBlog/
---
2015/07/29 13:05:24 [error] [exception.CHttpException.404] exception 'CHttpException' with message 'Unable to resolve the request "...".' in /Applications/MAMP/htdocs/yii/framework/web/CWebApplication.php:286
Stack trace:
#0 /Applications/MAMP/htdocs/yii/framework/web/CWebApplication.php(141): CWebApplication->runController('...')
#1 /Applications/MAMP/htdocs/yii/framework/base/CApplication.php(184): CWebApplication->processRequest()
#2 /Applications/MAMP/htdocs/MovieBlog/index.php(13): CApplication->run()
#3 {main}
REQUEST_URI=/MovieBlog/...
HTTP_REFERER=http://localhost:8888/MovieBlog/
---
2015/07/29 13:07:36 [error] [exception.CHttpException.404] exception 'CHttpException' with message 'Unable to resolve the request "...".' in /Applications/MAMP/htdocs/yii/framework/web/CWebApplication.php:286
Stack trace:
#0 /Applications/MAMP/htdocs/yii/framework/web/CWebApplication.php(141): CWebApplication->runController('...')
#1 /Applications/MAMP/htdocs/yii/framework/base/CApplication.php(184): CWebApplication->processRequest()
#2 /Applications/MAMP/htdocs/MovieBlog/index.php(13): CApplication->run()
#3 {main}
REQUEST_URI=/MovieBlog/...
HTTP_REFERER=http://localhost:8888/MovieBlog/
---
2015/07/29 13:07:37 [error] [exception.CHttpException.404] exception 'CHttpException' with message 'Unable to resolve the request "...".' in /Applications/MAMP/htdocs/yii/framework/web/CWebApplication.php:286
Stack trace:
#0 /Applications/MAMP/htdocs/yii/framework/web/CWebApplication.php(141): CWebApplication->runController('...')
#1 /Applications/MAMP/htdocs/yii/framework/base/CApplication.php(184): CWebApplication->processRequest()
#2 /Applications/MAMP/htdocs/MovieBlog/index.php(13): CApplication->run()
#3 {main}
REQUEST_URI=/MovieBlog/...
HTTP_REFERER=http://localhost:8888/MovieBlog/
---
